# JRE version: 7.0_25-b17
# Java VM: Java HotSpot(TM) 64-Bit Server VM (23.25-b01 mixed mode windows-amd64 compressed oops)
Heap
 PSYoungGen      total 55040K, used 21045K [0x00000000f5560000, 0x00000000f9580000, 0x0000000100000000)
  eden space 45568K, 41% used [0x00000000f5560000,0x00000000f6808330,0x00000000f81e0000)
  from space 9472K, 20% used [0x00000000f8b80000,0x00000000f8d65120,0x00000000f94c0000)
  to   space 9856K, 0% used [0x00000000f81e0000,0x00000000f81e0000,0x00000000f8b80000)
 ParOldGen       total 64448K, used 14514K [0x00000000e0000000, 0x00000000e3ef0000, 0x00000000f5560000)
  object space 64448K, 22% used [0x00000000e0000000,0x00000000e0e2c860,0x00000000e3ef0000)
 PSPermGen       total 23936K, used 23752K [0x00000000dae00000, 0x00000000dc560000, 0x00000000e0000000)
  object space 23936K, 99% used [0x00000000dae00000,0x00000000dc5321d0,0x00000000dc560000)
GC Heap History (10 events):
Event: 54.781 GC heap before
{Heap before GC invocations=4 (full 0):
 PSYoungGen      total 28224K, used 28192K [0x00000000f5560000, 0x00000000f74d0000, 0x0000000100000000)
  eden space 24256K, 100% used [0x00000000f5560000,0x00000000f6d10000,0x00000000f6d10000)
  from space 3968K, 99% used [0x00000000f6d10000,0x00000000f70e8020,0x00000000f70f0000)
  to   space 3968K, 0% used [0x00000000f70f0000,0x00000000f70f0000,0x00000000f74d0000)
 ParOldGen       total 64448K, used 5444K [0x00000000e0000000, 0x00000000e3ef0000, 0x00000000f5560000)
  object space 64448K, 8% used [0x00000000e0000000,0x00000000e0551058,0x00000000e3ef0000)
 PSPermGen       total 21248K, used 15874K [0x00000000dae00000, 0x00000000dc2c0000, 0x00000000e0000000)
  object space 21248K, 74% used [0x00000000dae00000,0x00000000dbd80988,0x00000000dc2c0000)
Event: 54.792 GC heap after
Heap after GC invocations=4 (full 0):
 PSYoungGen      total 28224K, used 3936K [0x00000000f5560000, 0x00000000f74d0000, 0x0000000100000000)
  eden space 24256K, 0% used [0x00000000f5560000,0x00000000f5560000,0x00000000f6d10000)
  from space 3968K, 99% used [0x00000000f70f0000,0x00000000f74c8030,0x00000000f74d0000)
  to   space 3968K, 0% used [0x00000000f6d10000,0x00000000f6d10000,0x00000000f70f0000)
 ParOldGen       total 64448K, used 9266K [0x00000000e0000000, 0x00000000e3ef0000, 0x00000000f5560000)
  object space 64448K, 14% used [0x00000000e0000000,0x00000000e090cba0,0x00000000e3ef0000)
 PSPermGen       total 21248K, used 15874K [0x00000000dae00000, 0x00000000dc2c0000, 0x00000000e0000000)
  object space 21248K, 74% used [0x00000000dae00000,0x00000000dbd80988,0x00000000dc2c0000)
}
Event: 59.999 GC heap before
{Heap before GC invocations=5 (full 0):
 PSYoungGen      total 28224K, used 28192K [0x00000000f5560000, 0x00000000f74d0000, 0x0000000100000000)
  eden space 24256K, 100% used [0x00000000f5560000,0x00000000f6d10000,0x00000000f6d10000)
  from space 3968K, 99% used [0x00000000f70f0000,0x00000000f74c8030,0x00000000f74d0000)
  to   space 3968K, 0% used [0x00000000f6d10000,0x00000000f6d10000,0x00000000f70f0000)
 ParOldGen       total 64448K, used 9266K [0x00000000e0000000, 0x00000000e3ef0000, 0x00000000f5560000)
  object space 64448K, 14% used [0x00000000e0000000,0x00000000e090cba0,0x00000000e3ef0000)
 PSPermGen       total 21248K, used 17453K [0x00000000dae00000, 0x00000000dc2c0000, 0x00000000e0000000)
  object space 21248K, 82% used [0x00000000dae00000,0x00000000dbf0b688,0x00000000dc2c0000)
Event: 60.005 GC heap after
Heap after GC invocations=5 (full 0):
 PSYoungGen      total 27648K, used 3952K [0x00000000f5560000, 0x00000000f7ce0000, 0x0000000100000000)
  eden space 23680K, 0% used [0x00000000f5560000,0x00000000f5560000,0x00000000f6c80000)
  from space 3968K, 99% used [0x00000000f6d10000,0x00000000f70ec020,0x00000000f70f0000)
  to   space 8384K, 0% used [0x00000000f74b0000,0x00000000f74b0000,0x00000000f7ce0000)
 ParOldGen       total 64448K, used 10768K [0x00000000e0000000, 0x00000000e3ef0000, 0x00000000f5560000)
  object space 64448K, 16% used [0x00000000e0000000,0x00000000e0a84368,0x00000000e3ef0000)
 PSPermGen       total 21248K, used 17453K [0x00000000dae00000, 0x00000000dc2c0000, 0x00000000e0000000)
  object space 21248K, 82% used [0x00000000dae00000,0x00000000dbf0b688,0x00000000dc2c0000)
}
Event: 65.735 GC heap before
{Heap before GC invocations=6 (full 0):
 PSYoungGen      total 27648K, used 27632K [0x00000000f5560000, 0x00000000f7ce0000, 0x0000000100000000)
  eden space 23680K, 100% used [0x00000000f5560000,0x00000000f6c80000,0x00000000f6c80000)
  from space 3968K, 99% used [0x00000000f6d10000,0x00000000f70ec020,0x00000000f70f0000)
  to   space 8384K, 0% used [0x00000000f74b0000,0x00000000f74b0000,0x00000000f7ce0000)
 ParOldGen       total 64448K, used 10768K [0x00000000e0000000, 0x00000000e3ef0000, 0x00000000f5560000)
  object space 64448K, 16% used [0x00000000e0000000,0x00000000e0a84368,0x00000000e3ef0000)
 PSPermGen       total 21248K, used 21174K [0x00000000dae00000, 0x00000000dc2c0000, 0x00000000e0000000)
  object space 21248K, 99% used [0x00000000dae00000,0x00000000dc2ad898,0x00000000dc2c0000)
Event: 65.746 GC heap after
Heap after GC invocations=6 (full 0):
 PSYoungGen      total 31360K, used 8036K [0x00000000f5560000, 0x00000000f7db0000, 0x0000000100000000)
  eden space 22976K, 0% used [0x00000000f5560000,0x00000000f5560000,0x00000000f6bd0000)
  from space 8384K, 95% used [0x00000000f74b0000,0x00000000f7c890d8,0x00000000f7ce0000)
  to   space 9088K, 0% used [0x00000000f6bd0000,0x00000000f6bd0000,0x00000000f74b0000)
 ParOldGen       total 64448K, used 10768K [0x00000000e0000000, 0x00000000e3ef0000, 0x00000000f5560000)
  object space 64448K, 16% used [0x00000000e0000000,0x00000000e0a84368,0x00000000e3ef0000)
 PSPermGen       total 21248K, used 21174K [0x00000000dae00000, 0x00000000dc2c0000, 0x00000000e0000000)
  object space 21248K, 99% used [0x00000000dae00000,0x00000000dc2ad898,0x00000000dc2c0000)
}
Event: 66.106 GC heap before
{Heap before GC invocations=7 (full 0):
 PSYoungGen      total 31360K, used 31012K [0x00000000f5560000, 0x00000000f7db0000, 0x0000000100000000)
  eden space 22976K, 100% used [0x00000000f5560000,0x00000000f6bd0000,0x00000000f6bd0000)
  from space 8384K, 95% used [0x00000000f74b0000,0x00000000f7c890d8,0x00000000f7ce0000)
  to   space 9088K, 0% used [0x00000000f6bd0000,0x00000000f6bd0000,0x00000000f74b0000)
 ParOldGen       total 64448K, used 10768K [0x00000000e0000000, 0x00000000e3ef0000, 0x00000000f5560000)
  object space 64448K, 16% used [0x00000000e0000000,0x00000000e0a84368,0x00000000e3ef0000)
 PSPermGen       total 22208K, used 22117K [0x00000000dae00000, 0x00000000dc3b0000, 0x00000000e0000000)
  object space 22208K, 99% used [0x00000000dae00000,0x00000000dc399778,0x00000000dc3b0000)
Event: 66.130 GC heap after
Heap after GC invocations=7 (full 0):
 PSYoungGen      total 32064K, used 3141K [0x00000000f5560000, 0x00000000f94c0000, 0x0000000100000000)
  eden space 22976K, 0% used [0x00000000f5560000,0x00000000f5560000,0x00000000f6bd0000)
  from space 9088K, 34% used [0x00000000f6bd0000,0x00000000f6ee16c8,0x00000000f74b0000)
  to   space 9472K, 0% used [0x00000000f8b80000,0x00000000f8b80000,0x00000000f94c0000)
 ParOldGen       total 64448K, used 13098K [0x00000000e0000000, 0x00000000e3ef0000, 0x00000000f5560000)
  object space 64448K, 20% used [0x00000000e0000000,0x00000000e0cca840,0x00000000e3ef0000)
 PSPermGen       total 22208K, used 22117K [0x00000000dae00000, 0x00000000dc3b0000, 0x00000000e0000000)
  object space 22208K, 99% used [0x00000000dae00000,0x00000000dc399778,0x00000000dc3b0000)
}
Event: 66.375 GC heap before
{Heap before GC invocations=8 (full 0):
 PSYoungGen      total 32064K, used 26117K [0x00000000f5560000, 0x00000000f94c0000, 0x0000000100000000)
  eden space 22976K, 100% used [0x00000000f5560000,0x00000000f6bd0000,0x00000000f6bd0000)
  from space 9088K, 34% used [0x00000000f6bd0000,0x00000000f6ee16c8,0x00000000f74b0000)
  to   space 9472K, 0% used [0x00000000f8b80000,0x00000000f8b80000,0x00000000f94c0000)
 ParOldGen       total 64448K, used 13098K [0x00000000e0000000, 0x00000000e3ef0000, 0x00000000f5560000)
  object space 64448K, 20% used [0x00000000e0000000,0x00000000e0cca840,0x00000000e3ef0000)
 PSPermGen       total 22976K, used 22951K [0x00000000dae00000, 0x00000000dc470000, 0x00000000e0000000)
  object space 22976K, 99% used [0x00000000dae00000,0x00000000dc469fa8,0x00000000dc470000)
Event: 66.378 GC heap after
Heap after GC invocations=8 (full 0):
 PSYoungGen      total 55040K, used 1940K [0x00000000f5560000, 0x00000000f9580000, 0x0000000100000000)
  eden space 45568K, 0% used [0x00000000f5560000,0x00000000f5560000,0x00000000f81e0000)
  from space 9472K, 20% used [0x00000000f8b80000,0x00000000f8d65120,0x00000000f94c0000)
  to   space 9856K, 0% used [0x00000000f81e0000,0x00000000f81e0000,0x00000000f8b80000)
 ParOldGen       total 64448K, used 14514K [0x00000000e0000000, 0x00000000e3ef0000, 0x00000000f5560000)
  object space 64448K, 22% used [0x00000000e0000000,0x00000000e0e2c860,0x00000000e3ef0000)
 PSPermGen       total 22976K, used 22951K [0x00000000dae00000, 0x00000000dc470000, 0x00000000e0000000)
  object space 22976K, 99% used [0x00000000dae00000,0x00000000dc469fa8,0x00000000dc470000)
}

