# JRE version: 7.0_25-b17
# Java VM: Java HotSpot(TM) 64-Bit Server VM (23.25-b01 mixed mode windows-amd64 compressed oops)
Heap
 PSYoungGen      total 106368K, used 71249K [0x00000000f5560000, 0x00000000fc700000, 0x0000000100000000)
  eden space 97024K, 67% used [0x00000000f5560000,0x00000000f9508600,0x00000000fb420000)
  from space 9344K, 64% used [0x00000000fbde0000,0x00000000fc3cbf18,0x00000000fc700000)
  to   space 9664K, 0% used [0x00000000fb420000,0x00000000fb420000,0x00000000fbd90000)
 ParOldGen       total 64448K, used 14248K [0x00000000e0000000, 0x00000000e3ef0000, 0x00000000f5560000)
  object space 64448K, 22% used [0x00000000e0000000,0x00000000e0dea2b8,0x00000000e3ef0000)
 PSPermGen       total 24704K, used 24696K [0x00000000dae00000, 0x00000000dc620000, 0x00000000e0000000)
  object space 24704K, 99% used [0x00000000dae00000,0x00000000dc61e128,0x00000000dc620000)
GC Heap History (10 events):
Event: 3.354 GC heap before
{Heap before GC invocations=2 (full 0):
 PSYoungGen      total 28224K, used 28206K [0x00000000f5560000, 0x00000000f74d0000, 0x0000000100000000)
  eden space 24256K, 100% used [0x00000000f5560000,0x00000000f6d10000,0x00000000f6d10000)
  from space 3968K, 99% used [0x00000000f6d10000,0x00000000f70eb940,0x00000000f70f0000)
  to   space 3968K, 0% used [0x00000000f70f0000,0x00000000f70f0000,0x00000000f74d0000)
 ParOldGen       total 64448K, used 394K [0x00000000e0000000, 0x00000000e3ef0000, 0x00000000f5560000)
  object space 64448K, 0% used [0x00000000e0000000,0x00000000e0062908,0x00000000e3ef0000)
 PSPermGen       total 21248K, used 13900K [0x00000000dae00000, 0x00000000dc2c0000, 0x00000000e0000000)
  object space 21248K, 65% used [0x00000000dae00000,0x00000000dbb93110,0x00000000dc2c0000)
Event: 3.360 GC heap after
Heap after GC invocations=2 (full 0):
 PSYoungGen      total 28224K, used 3939K [0x00000000f5560000, 0x00000000f8c80000, 0x0000000100000000)
  eden space 24256K, 0% used [0x00000000f5560000,0x00000000f5560000,0x00000000f6d10000)
  from space 3968K, 99% used [0x00000000f70f0000,0x00000000f74c8ff0,0x00000000f74d0000)
  to   space 3968K, 0% used [0x00000000f6d10000,0x00000000f6d10000,0x00000000f70f0000)
 ParOldGen       total 64448K, used 3066K [0x00000000e0000000, 0x00000000e3ef0000, 0x00000000f5560000)
  object space 64448K, 4% used [0x00000000e0000000,0x00000000e02fead0,0x00000000e3ef0000)
 PSPermGen       total 21248K, used 13900K [0x00000000dae00000, 0x00000000dc2c0000, 0x00000000e0000000)
  object space 21248K, 65% used [0x00000000dae00000,0x00000000dbb93110,0x00000000dc2c0000)
}
Event: 3.832 GC heap before
{Heap before GC invocations=3 (full 0):
 PSYoungGen      total 28224K, used 28195K [0x00000000f5560000, 0x00000000f8c80000, 0x0000000100000000)
  eden space 24256K, 100% used [0x00000000f5560000,0x00000000f6d10000,0x00000000f6d10000)
  from space 3968K, 99% used [0x00000000f70f0000,0x00000000f74c8ff0,0x00000000f74d0000)
  to   space 3968K, 0% used [0x00000000f6d10000,0x00000000f6d10000,0x00000000f70f0000)
 ParOldGen       total 64448K, used 3066K [0x00000000e0000000, 0x00000000e3ef0000, 0x00000000f5560000)
  object space 64448K, 4% used [0x00000000e0000000,0x00000000e02fead0,0x00000000e3ef0000)
 PSPermGen       total 21248K, used 15803K [0x00000000dae00000, 0x00000000dc2c0000, 0x00000000e0000000)
  object space 21248K, 74% used [0x00000000dae00000,0x00000000dbd6ee88,0x00000000dc2c0000)
Event: 3.838 GC heap after
Heap after GC invocations=3 (full 0):
 PSYoungGen      total 28224K, used 3936K [0x00000000f5560000, 0x00000000f8c80000, 0x0000000100000000)
  eden space 24256K, 0% used [0x00000000f5560000,0x00000000f5560000,0x00000000f6d10000)
  from space 3968K, 99% used [0x00000000f6d10000,0x00000000f70e8280,0x00000000f70f0000)
  to   space 3968K, 0% used [0x00000000f88a0000,0x00000000f88a0000,0x00000000f8c80000)
 ParOldGen       total 64448K, used 5527K [0x00000000e0000000, 0x00000000e3ef0000, 0x00000000f5560000)
  object space 64448K, 8% used [0x00000000e0000000,0x00000000e0565ee8,0x00000000e3ef0000)
 PSPermGen       total 21248K, used 15803K [0x00000000dae00000, 0x00000000dc2c0000, 0x00000000e0000000)
  object space 21248K, 74% used [0x00000000dae00000,0x00000000dbd6ee88,0x00000000dc2c0000)
}
Event: 3.952 GC heap before
{Heap before GC invocations=4 (full 0):
 PSYoungGen      total 28224K, used 28192K [0x00000000f5560000, 0x00000000f8c80000, 0x0000000100000000)
  eden space 24256K, 100% used [0x00000000f5560000,0x00000000f6d10000,0x00000000f6d10000)
  from space 3968K, 99% used [0x00000000f6d10000,0x00000000f70e8280,0x00000000f70f0000)
  to   space 3968K, 0% used [0x00000000f88a0000,0x00000000f88a0000,0x00000000f8c80000)
 ParOldGen       total 64448K, used 5527K [0x00000000e0000000, 0x00000000e3ef0000, 0x00000000f5560000)
  object space 64448K, 8% used [0x00000000e0000000,0x00000000e0565ee8,0x00000000e3ef0000)
 PSPermGen       total 21248K, used 15891K [0x00000000dae00000, 0x00000000dc2c0000, 0x00000000e0000000)
  object space 21248K, 74% used [0x00000000dae00000,0x00000000dbd84e48,0x00000000dc2c0000)
Event: 3.958 GC heap after
Heap after GC invocations=4 (full 0):
 PSYoungGen      total 52480K, used 3956K [0x00000000f5560000, 0x00000000f8c80000, 0x0000000100000000)
  eden space 48512K, 0% used [0x00000000f5560000,0x00000000f5560000,0x00000000f84c0000)
  from space 3968K, 99% used [0x00000000f88a0000,0x00000000f8c7d200,0x00000000f8c80000)
  to   space 3968K, 0% used [0x00000000f84c0000,0x00000000f84c0000,0x00000000f88a0000)
 ParOldGen       total 64448K, used 9416K [0x00000000e0000000, 0x00000000e3ef0000, 0x00000000f5560000)
  object space 64448K, 14% used [0x00000000e0000000,0x00000000e09323c0,0x00000000e3ef0000)
 PSPermGen       total 21248K, used 15891K [0x00000000dae00000, 0x00000000dc2c0000, 0x00000000e0000000)
  object space 21248K, 74% used [0x00000000dae00000,0x00000000dbd84e48,0x00000000dc2c0000)
}
Event: 24.547 GC heap before
{Heap before GC invocations=5 (full 0):
 PSYoungGen      total 52480K, used 52468K [0x00000000f5560000, 0x00000000f8c80000, 0x0000000100000000)
  eden space 48512K, 100% used [0x00000000f5560000,0x00000000f84c0000,0x00000000f84c0000)
  from space 3968K, 99% used [0x00000000f88a0000,0x00000000f8c7d200,0x00000000f8c80000)
  to   space 3968K, 0% used [0x00000000f84c0000,0x00000000f84c0000,0x00000000f88a0000)
 ParOldGen       total 64448K, used 9416K [0x00000000e0000000, 0x00000000e3ef0000, 0x00000000f5560000)
  object space 64448K, 14% used [0x00000000e0000000,0x00000000e09323c0,0x00000000e3ef0000)
 PSPermGen       total 21248K, used 21181K [0x00000000dae00000, 0x00000000dc2c0000, 0x00000000e0000000)
  object space 21248K, 99% used [0x00000000dae00000,0x00000000dc2af5f8,0x00000000dc2c0000)
Event: 24.558 GC heap after
Heap after GC invocations=5 (full 0):
 PSYoungGen      total 52480K, used 3952K [0x00000000f5560000, 0x00000000fc7a0000, 0x0000000100000000)
  eden space 48512K, 0% used [0x00000000f5560000,0x00000000f5560000,0x00000000f84c0000)
  from space 3968K, 99% used [0x00000000f84c0000,0x00000000f889c040,0x00000000f88a0000)
  to   space 9984K, 0% used [0x00000000fbde0000,0x00000000fbde0000,0x00000000fc7a0000)
 ParOldGen       total 64448K, used 14240K [0x00000000e0000000, 0x00000000e3ef0000, 0x00000000f5560000)
  object space 64448K, 22% used [0x00000000e0000000,0x00000000e0de82b8,0x00000000e3ef0000)
 PSPermGen       total 21248K, used 21181K [0x00000000dae00000, 0x00000000dc2c0000, 0x00000000e0000000)
  object space 21248K, 99% used [0x00000000dae00000,0x00000000dc2af5f8,0x00000000dc2c0000)
}
Event: 24.907 GC heap before
{Heap before GC invocations=6 (full 0):
 PSYoungGen      total 52480K, used 52464K [0x00000000f5560000, 0x00000000fc7a0000, 0x0000000100000000)
  eden space 48512K, 100% used [0x00000000f5560000,0x00000000f84c0000,0x00000000f84c0000)
  from space 3968K, 99% used [0x00000000f84c0000,0x00000000f889c040,0x00000000f88a0000)
  to   space 9984K, 0% used [0x00000000fbde0000,0x00000000fbde0000,0x00000000fc7a0000)
 ParOldGen       total 64448K, used 14240K [0x00000000e0000000, 0x00000000e3ef0000, 0x00000000f5560000)
  object space 64448K, 22% used [0x00000000e0000000,0x00000000e0de82b8,0x00000000e3ef0000)
 PSPermGen       total 23168K, used 22986K [0x00000000dae00000, 0x00000000dc4a0000, 0x00000000e0000000)
  object space 23168K, 99% used [0x00000000dae00000,0x00000000dc472bb8,0x00000000dc4a0000)
Event: 24.913 GC heap after
Heap after GC invocations=6 (full 0):
 PSYoungGen      total 106368K, used 6063K [0x00000000f5560000, 0x00000000fc700000, 0x0000000100000000)
  eden space 97024K, 0% used [0x00000000f5560000,0x00000000f5560000,0x00000000fb420000)
  from space 9344K, 64% used [0x00000000fbde0000,0x00000000fc3cbf18,0x00000000fc700000)
  to   space 9664K, 0% used [0x00000000fb420000,0x00000000fb420000,0x00000000fbd90000)
 ParOldGen       total 64448K, used 14248K [0x00000000e0000000, 0x00000000e3ef0000, 0x00000000f5560000)
  object space 64448K, 22% used [0x00000000e0000000,0x00000000e0dea2b8,0x00000000e3ef0000)
 PSPermGen       total 23168K, used 22986K [0x00000000dae00000, 0x00000000dc4a0000, 0x00000000e0000000)
  object space 23168K, 99% used [0x00000000dae00000,0x00000000dc472bb8,0x00000000dc4a0000)
}

